Build started 5/25/2012 7:27:39 PM.
     1>Project "C:\Users\CP\Documents\Visual Studio 2010\Projects\DirectX\DX9 Demo\MSVC\DX9 Demo.vcxproj" on node 2 (build target(s)).
     1>InitializeBuildStatus:
         Creating "C:\Users\CP\Documents\Visual Studio 2010\Projects\DirectX\DX9 Demo\MSVC\..\Objs\Debug\DX9 Demo.unsuccessfulbuild" because "AlwaysCreate" was specified.
       ClCompile:
         All outputs are up-to-date.
       ManifestResourceCompile:
         All outputs are up-to-date.
       Link:
         C:\Program Files (x86)\Microsoft Visual Studio 10.0\VC\bin\link.exe /ERRORREPORT:PROMPT /OUT:"C:\Users\CP\Documents\Visual Studio 2010\Projects\DirectX\DX9 Demo\MSVC\..\Bin\Debug\Anti-Virus Debug.exe" /INCREMENTAL /NOLOGO /LIBPATH:"D:\My Games\Microsoft DirectX SDK (June 2010)\Lib\x86" kernel32.lib user32.lib gdi32.lib winspool.lib comdlg32.lib advapi32.lib shell32.lib ole32.lib oleaut32.lib uuid.lib odbc32.lib odbccp32.lib /MANIFEST /ManifestFile:"C:\Users\CP\Documents\Visual Studio 2010\Projects\DirectX\DX9 Demo\MSVC\..\Objs\Debug\Anti-Virus Debug.exe.intermediate.manifest" /MANIFESTUAC:"level='asInvoker' uiAccess='false'" /DEBUG /PDB:"C:\Users\CP\Documents\Visual Studio 2010\Projects\DirectX\DX9 Demo\Bin\Debug\Anti-Virus Debug.pdb" /SUBSYSTEM:WINDOWS /TLBID:1 /DYNAMICBASE /NXCOMPAT /IMPLIB:"C:\Users\CP\Documents\Visual Studio 2010\Projects\DirectX\DX9 Demo\MSVC\..\Bin\Debug\Anti-Virus Debug.lib" /MACHINE:X86 "C:\Users\CP\Documents\Visual Studio 2010\Projects\DirectX\DX9 Demo\MSVC\..\Objs\Debug\Anti-Virus Debug.exe.embed.manifest.res"
         "C:\Users\CP\Documents\Visual Studio 2010\Projects\DirectX\DX9 Demo\MSVC\..\Objs\Debug\DirectSound.obj"
         "C:\Users\CP\Documents\Visual Studio 2010\Projects\DirectX\DX9 Demo\MSVC\..\Objs\Debug\DirectX.obj"
         "C:\Users\CP\Documents\Visual Studio 2010\Projects\DirectX\DX9 Demo\MSVC\..\Objs\Debug\Game.obj"
         "C:\Users\CP\Documents\Visual Studio 2010\Projects\DirectX\DX9 Demo\MSVC\..\Objs\Debug\Windows.obj"
       Manifest:
         C:\Program Files (x86)\Microsoft SDKs\Windows\v7.0A\bin\mt.exe /nologo /verbose /out:"C:\Users\CP\Documents\Visual Studio 2010\Projects\DirectX\DX9 Demo\MSVC\..\Objs\Debug\Anti-Virus Debug.exe.embed.manifest" /manifest "C:\Users\CP\Documents\Visual Studio 2010\Projects\DirectX\DX9 Demo\MSVC\..\Objs\Debug\Anti-Virus Debug.exe.intermediate.manifest"
         All outputs are up-to-date.
       LinkEmbedManifest:
         All outputs are up-to-date.
         DX9 Demo.vcxproj -> C:\Users\CP\Documents\Visual Studio 2010\Projects\DirectX\DX9 Demo\MSVC\..\Bin\Debug\Anti-Virus Debug.exe
       FinalizeBuildStatus:
         Deleting file "C:\Users\CP\Documents\Visual Studio 2010\Projects\DirectX\DX9 Demo\MSVC\..\Objs\Debug\DX9 Demo.unsuccessfulbuild".
         Touching "C:\Users\CP\Documents\Visual Studio 2010\Projects\DirectX\DX9 Demo\MSVC\..\Objs\Debug\DX9 Demo.lastbuildstate".
     1>Done Building Project "C:\Users\CP\Documents\Visual Studio 2010\Projects\DirectX\DX9 Demo\MSVC\DX9 Demo.vcxproj" (build target(s)).

Build succeeded.

Time Elapsed 00:00:00.53
