Build started 5/25/2012 7:32:50 PM.
     1>Project "C:\Users\CP\Documents\Visual Studio 2010\Projects\DirectX\DX9 Demo\MSVC\DX9 Demo.vcxproj" on node 2 (build target(s)).
     1>InitializeBuildStatus:
         Creating "C:\Users\CP\Documents\Visual Studio 2010\Projects\DirectX\DX9 Demo\MSVC\..\Objs\Release\DX9 Demo.unsuccessfulbuild" because "AlwaysCreate" was specified.
       ClCompile:
         C:\Program Files (x86)\Microsoft Visual Studio 10.0\VC\bin\CL.exe /c /I"D:\My Games\Microsoft DirectX SDK (June 2010)\Include" /Zi /nologo /W3 /WX- /O2 /Oi /Oy- /GL /D WIN32 /D NDEBUG /D _WINDOWS /D _MBCS /Gm- /EHsc /MD /GS /Gy /fp:precise /Zc:wchar_t /Zc:forScope /Fo"C:\Users\CP\Documents\Visual Studio 2010\Projects\DirectX\DX9 Demo\MSVC\..\Objs\Release\\" /Fd"C:\Users\CP\Documents\Visual Studio 2010\Projects\DirectX\DX9 Demo\MSVC\..\Objs\Release\vc100.pdb" /Gd /TP /analyze- /errorReport:prompt ..\Game.cpp
         Game.cpp
     1>..\Game.cpp(737): warning C4244: '=' : conversion from 'int' to 'float', possible loss of data
     1>..\Game.cpp(740): warning C4244: '=' : conversion from 'int' to 'float', possible loss of data
     1>..\Game.cpp(824): warning C4244: '=' : conversion from 'const int' to 'float', possible loss of data
     1>..\Game.cpp(825): warning C4244: '=' : conversion from 'const int' to 'float', possible loss of data
     1>..\Game.cpp(826): warning C4244: '=' : conversion from 'int' to 'float', possible loss of data
     1>..\Game.cpp(843): warning C4244: '=' : conversion from 'const int' to 'float', possible loss of data
     1>..\Game.cpp(844): warning C4244: '=' : conversion from 'const int' to 'float', possible loss of data
     1>..\Game.cpp(845): warning C4244: '=' : conversion from 'int' to 'float', possible loss of data
     1>..\Game.cpp(862): warning C4244: '=' : conversion from 'const int' to 'float', possible loss of data
     1>..\Game.cpp(863): warning C4244: '=' : conversion from 'const int' to 'float', possible loss of data
     1>..\Game.cpp(864): warning C4244: '=' : conversion from 'int' to 'float', possible loss of data
     1>..\Game.cpp(875): warning C4018: '>' : signed/unsigned mismatch
     1>..\Game.cpp(1126): warning C4244: '=' : conversion from 'const int' to 'float', possible loss of data
     1>..\Game.cpp(1127): warning C4244: '=' : conversion from 'const int' to 'float', possible loss of data
     1>..\Game.cpp(1129): warning C4244: '=' : conversion from 'int' to 'float', possible loss of data
     1>..\Game.cpp(1144): warning C4244: '=' : conversion from 'const int' to 'float', possible loss of data
     1>..\Game.cpp(1145): warning C4244: '=' : conversion from 'const int' to 'float', possible loss of data
     1>..\Game.cpp(1147): warning C4244: '=' : conversion from 'int' to 'float', possible loss of data
       Link:
         C:\Program Files (x86)\Microsoft Visual Studio 10.0\VC\bin\link.exe /ERRORREPORT:PROMPT /OUT:"C:\Users\CP\Documents\Visual Studio 2010\Projects\DirectX\DX9 Demo\MSVC\..\Bin\Release\Anti-Virus Release.exe" /INCREMENTAL:NO /NOLOGO /LIBPATH:"D:\My Games\Microsoft DirectX SDK (June 2010)\Lib\x86" kernel32.lib user32.lib gdi32.lib winspool.lib comdlg32.lib advapi32.lib shell32.lib ole32.lib oleaut32.lib uuid.lib odbc32.lib odbccp32.lib /MANIFEST /ManifestFile:"C:\Users\CP\Documents\Visual Studio 2010\Projects\DirectX\DX9 Demo\MSVC\..\Objs\Release\Anti-Virus Release.exe.intermediate.manifest" /MANIFESTUAC:"level='asInvoker' uiAccess='false'" /DEBUG /PDB:"C:\Users\CP\Documents\Visual Studio 2010\Projects\DirectX\DX9 Demo\Bin\Release\Anti-Virus Release.pdb" /SUBSYSTEM:WINDOWS /OPT:REF /OPT:ICF /LTCG /TLBID:1 /DYNAMICBASE /NXCOMPAT /IMPLIB:"C:\Users\CP\Documents\Visual Studio 2010\Projects\DirectX\DX9 Demo\MSVC\..\Bin\Release\Anti-Virus Release.lib" /MACHINE:X86 "C:\Users\CP\Documents\Visual Studio 2010\Projects\DirectX\DX9 Demo\MSVC\..\Objs\Release\DirectSound.obj"
         "C:\Users\CP\Documents\Visual Studio 2010\Projects\DirectX\DX9 Demo\MSVC\..\Objs\Release\DirectX.obj"
         "C:\Users\CP\Documents\Visual Studio 2010\Projects\DirectX\DX9 Demo\MSVC\..\Objs\Release\Game.obj"
         "C:\Users\CP\Documents\Visual Studio 2010\Projects\DirectX\DX9 Demo\MSVC\..\Objs\Release\Windows.obj"
         Generating code
         Finished generating code
         DX9 Demo.vcxproj -> C:\Users\CP\Documents\Visual Studio 2010\Projects\DirectX\DX9 Demo\MSVC\..\Bin\Release\Anti-Virus Release.exe
       Manifest:
         C:\Program Files (x86)\Microsoft SDKs\Windows\v7.0A\bin\mt.exe /nologo /verbose /outputresource:"C:\Users\CP\Documents\Visual Studio 2010\Projects\DirectX\DX9 Demo\MSVC\..\Bin\Release\Anti-Virus Release.exe;#1" /manifest "C:\Users\CP\Documents\Visual Studio 2010\Projects\DirectX\DX9 Demo\MSVC\..\Objs\Release\Anti-Virus Release.exe.intermediate.manifest"
       FinalizeBuildStatus:
         Deleting file "C:\Users\CP\Documents\Visual Studio 2010\Projects\DirectX\DX9 Demo\MSVC\..\Objs\Release\DX9 Demo.unsuccessfulbuild".
         Touching "C:\Users\CP\Documents\Visual Studio 2010\Projects\DirectX\DX9 Demo\MSVC\..\Objs\Release\DX9 Demo.lastbuildstate".
     1>Done Building Project "C:\Users\CP\Documents\Visual Studio 2010\Projects\DirectX\DX9 Demo\MSVC\DX9 Demo.vcxproj" (build target(s)).

Build succeeded.

Time Elapsed 00:00:04.25
